This is pdfTeX, Version 3.141592653-2.6-1.40.26 (TeX Live 2024) (preloaded format=pdflatex 2024.10.18)  21 OCT 2024 04:50
entering extended mode
 restricted \write18 enabled.
 file:line:error style messages enabled.
 %&-line parsing enabled.
**c:/Users/Alien/Documents/mae-263f/hw1/hw1_report/hw1_report.tex
(c:/Users/Alien/Documents/mae-263f/hw1/hw1_report/hw1_report.tex
LaTeX2e <2024-06-01> patch level 2
L3 programming layer <2024-09-10>
(./ieeeconf.cls
Document Class: ieeeconf 2016/4/23 revision V1.6b by Pradeep Misra
\@IEEEtrantmpdimenA=\dimen141
\@IEEEtrantmpdimenB=\dimen142
\@IEEEtrantmpcountA=\count194
\@IEEEtrantmpcountB=\count195
\@IEEEtrantmptoksA=\toks17
LaTeX Font Info:    Trying to load font information for OT1+ptm on input line 794.
(c:/texlive/2024/texmf-dist/tex/latex/psnfss/ot1ptm.fd
File: ot1ptm.fd 2001/06/04 font definitions for OT1/ptm.
)
\@IEEEnormalsizefontbaselineskip=\skip49

-- This is a 10 point document.
\normalsizebaselineskip=\skip50
\normaljot=\skip51
LaTeX Font Info:    Font shape `OT1/ptm/bx/n' in size <5> not available
(Font)              Font shape `OT1/ptm/b/n' tried instead on input line 1113.
LaTeX Font Info:    Font shape `OT1/ptm/bx/it' in size <5> not available
(Font)              Font shape `OT1/ptm/b/it' tried instead on input line 1113.
LaTeX Font Info:    Font shape `OT1/ptm/bx/n' in size <7> not available
(Font)              Font shape `OT1/ptm/b/n' tried instead on input line 1113.
LaTeX Font Info:    Font shape `OT1/ptm/bx/it' in size <7> not available
(Font)              Font shape `OT1/ptm/b/it' tried instead on input line 1113.
LaTeX Font Info:    Font shape `OT1/ptm/bx/n' in size <8> not available
(Font)              Font shape `OT1/ptm/b/n' tried instead on input line 1113.
LaTeX Font Info:    Font shape `OT1/ptm/bx/it' in size <8> not available
(Font)              Font shape `OT1/ptm/b/it' tried instead on input line 1113.
LaTeX Font Info:    Font shape `OT1/ptm/bx/n' in size <9> not available
(Font)              Font shape `OT1/ptm/b/n' tried instead on input line 1113.
LaTeX Font Info:    Font shape `OT1/ptm/bx/it' in size <9> not available
(Font)              Font shape `OT1/ptm/b/it' tried instead on input line 1113.
LaTeX Font Info:    Font shape `OT1/ptm/bx/n' in size <10> not available
(Font)              Font shape `OT1/ptm/b/n' tried instead on input line 1113.
LaTeX Font Info:    Font shape `OT1/ptm/bx/it' in size <10> not available
(Font)              Font shape `OT1/ptm/b/it' tried instead on input line 1113.
LaTeX Font Info:    Font shape `OT1/ptm/bx/n' in size <11> not available
(Font)              Font shape `OT1/ptm/b/n' tried instead on input line 1113.
LaTeX Font Info:    Font shape `OT1/ptm/bx/it' in size <11> not available
(Font)              Font shape `OT1/ptm/b/it' tried instead on input line 1113.
LaTeX Font Info:    Font shape `OT1/ptm/bx/n' in size <12> not available
(Font)              Font shape `OT1/ptm/b/n' tried instead on input line 1113.
LaTeX Font Info:    Font shape `OT1/ptm/bx/it' in size <12> not available
(Font)              Font shape `OT1/ptm/b/it' tried instead on input line 1113.
LaTeX Font Info:    Font shape `OT1/ptm/bx/n' in size <16> not available
(Font)              Font shape `OT1/ptm/b/n' tried instead on input line 1113.
LaTeX Font Info:    Font shape `OT1/ptm/bx/it' in size <16> not available
(Font)              Font shape `OT1/ptm/b/it' tried instead on input line 1113.
LaTeX Font Info:    Font shape `OT1/ptm/bx/n' in size <20> not available
(Font)              Font shape `OT1/ptm/b/n' tried instead on input line 1113.
LaTeX Font Info:    Font shape `OT1/ptm/bx/it' in size <20> not available
(Font)              Font shape `OT1/ptm/b/it' tried instead on input line 1113.
LaTeX Font Info:    Font shape `OT1/ptm/bx/n' in size <24> not available
(Font)              Font shape `OT1/ptm/b/n' tried instead on input line 1113.
LaTeX Font Info:    Font shape `OT1/ptm/bx/it' in size <24> not available
(Font)              Font shape `OT1/ptm/b/it' tried instead on input line 1113.
\IEEEilabelindentA=\dimen143
\IEEEilabelindentB=\dimen144
\IEEEilabelindent=\dimen145
\IEEEelabelindent=\dimen146
\IEEEdlabelindent=\dimen147
\labelindent=\dimen148
\IEEEiednormlabelsep=\dimen149
\IEEEiedmathlabelsep=\dimen150
\IEEEiedtopsep=\skip52
\c@section=\count196
\c@subsection=\count197
\c@subsubsection=\count198
\c@paragraph=\count199
\c@IEEEsubequation=\count266
\abovecaptionskip=\skip53
\belowcaptionskip=\skip54
\c@figure=\count267
\c@table=\count268
\@IEEEeqnnumcols=\count269
\@IEEEeqncolcnt=\count270
\@IEEEtmpitemindent=\dimen151
\c@biography=\count271
\@IEEEtranrubishbin=\box52
) (c:/texlive/2024/texmf-dist/tex/latex/amsmath/amstext.sty
Package: amstext 2021/08/26 v2.01 AMS text
 (c:/texlive/2024/texmf-dist/tex/latex/amsmath/amsgen.sty
File: amsgen.sty 1999/11/30 v2.0 generic functions
\@emptytoks=\toks18
\ex@=\dimen152
)) (c:/texlive/2024/texmf-dist/tex/latex/float/float.sty
Package: float 2001/11/08 v1.3d Float enhancements (AL)
\c@float@type=\count272
\float@exts=\toks19
\float@box=\box53
\@float@everytoks=\toks20
\@floatcapt=\box54
) (c:/texlive/2024/texmf-dist/tex/latex/graphics/graphicx.sty
Package: graphicx 2021/09/16 v1.2d Enhanced LaTeX Graphics (DPC,SPQR)
 (c:/texlive/2024/texmf-dist/tex/latex/graphics/keyval.sty
Package: keyval 2022/05/29 v1.15 key=value parser (DPC)
\KV@toks@=\toks21
) (c:/texlive/2024/texmf-dist/tex/latex/graphics/graphics.sty
Package: graphics 2024/05/23 v1.4g Standard LaTeX Graphics (DPC,SPQR)
 (c:/texlive/2024/texmf-dist/tex/latex/graphics/trig.sty
Package: trig 2023/12/02 v1.11 sin cos tan (DPC)
) (c:/texlive/2024/texmf-dist/tex/latex/graphics-cfg/graphics.cfg
File: graphics.cfg 2016/06/04 v1.11 sample graphics configuration
)
Package graphics Info: Driver file: pdftex.def on input line 106.
 (c:/texlive/2024/texmf-dist/tex/latex/graphics-def/pdftex.def
File: pdftex.def 2024/04/13 v1.2c Graphics/color driver for pdftex
))
\Gin@req@height=\dimen153
\Gin@req@width=\dimen154
)
** ATTENTION: Overriding command lockouts (line 11).
** ATTENTION: Overriding IEEE standard margins (line 14).
(c:/texlive/2024/texmf-dist/tex/latex/l3backend/l3backend-pdftex.def
File: l3backend-pdftex.def 2024-05-08 L3 backend support: PDF output (pdfTeX)
\l__color_backend_stack_int=\count273
\l__pdf_internal_box=\box55
) (./hw1_report.aux)
\openout1 = `hw1_report.aux'.

LaTeX Font Info:    Checking defaults for OML/cmm/m/it on input line 44.
LaTeX Font Info:    ... okay on input line 44.
LaTeX Font Info:    Checking defaults for OMS/cmsy/m/n on input line 44.
LaTeX Font Info:    ... okay on input line 44.
LaTeX Font Info:    Checking defaults for OT1/cmr/m/n on input line 44.
LaTeX Font Info:    ... okay on input line 44.
LaTeX Font Info:    Checking defaults for T1/cmr/m/n on input line 44.
LaTeX Font Info:    ... okay on input line 44.
LaTeX Font Info:    Checking defaults for TS1/cmr/m/n on input line 44.
LaTeX Font Info:    ... okay on input line 44.
LaTeX Font Info:    Checking defaults for OMX/cmex/m/n on input line 44.
LaTeX Font Info:    ... okay on input line 44.
LaTeX Font Info:    Checking defaults for U/cmr/m/n on input line 44.
LaTeX Font Info:    ... okay on input line 44.
 (c:/texlive/2024/texmf-dist/tex/context/base/mkii/supp-pdf.mkii
[Loading MPS to PDF converter (version 2006.09.02).]
\scratchcounter=\count274
\scratchdimen=\dimen155
\scratchbox=\box56
\nofMPsegments=\count275
\nofMParguments=\count276
\everyMPshowfont=\toks22
\MPscratchCnt=\count277
\MPscratchDim=\dimen156
\MPnumerator=\count278
\makeMPintoPDFobject=\count279
\everyMPtoPDFconversion=\toks23
) (c:/texlive/2024/texmf-dist/tex/latex/epstopdf-pkg/epstopdf-base.sty
Package: epstopdf-base 2020-01-24 v2.11 Base part for package epstopdf
Package epstopdf-base Info: Redefining graphics rule for `.eps' on input line 485.
 (c:/texlive/2024/texmf-dist/tex/latex/latexconfig/epstopdf-sys.cfg
File: epstopdf-sys.cfg 2010/07/13 v1.3 Configuration of (r)epstopdf for TeX Live
))
LaTeX Font Info:    External font `cmex10' loaded for size
(Font)              <8> on input line 70.
LaTeX Font Info:    External font `cmex10' loaded for size
(Font)              <6> on input line 70.
LaTeX Font Info:    External font `cmex10' loaded for size
(Font)              <5> on input line 70.


LaTeX Font Info:    External font `cmex10' loaded for size
(Font)              <7> on input line 98.
<p1q1_implicit_0.00.png, id=1, 462.528pt x 346.896pt>
File: p1q1_implicit_0.00.png Graphic file (type png)
<use p1q1_implicit_0.00.png>
Package pdftex.def Info: p1q1_implicit_0.00.png  used on input line 141.
(pdftex.def)             Requested size: 227.64894pt x 170.73744pt.
<p1q1_implicit_0.01.png, id=3, 462.528pt x 346.896pt>
File: p1q1_implicit_0.01.png Graphic file (type png)
<use p1q1_implicit_0.01.png>
Package pdftex.def Info: p1q1_implicit_0.01.png  used on input line 148.
(pdftex.def)             Requested size: 227.64894pt x 170.73744pt.
<p1q1_implicit_0.05.png, id=4, 462.528pt x 346.896pt>
File: p1q1_implicit_0.05.png Graphic file (type png)
<use p1q1_implicit_0.05.png>
Package pdftex.def Info: p1q1_implicit_0.05.png  used on input line 156.
(pdftex.def)             Requested size: 227.64894pt x 170.73744pt.
<p1q1_implicit_0.10.png, id=5, 462.528pt x 346.896pt>
File: p1q1_implicit_0.10.png Graphic file (type png)
<use p1q1_implicit_0.10.png>
Package pdftex.def Info: p1q1_implicit_0.10.png  used on input line 164.
(pdftex.def)             Requested size: 227.64894pt x 170.73744pt.
<p1q1_implicit_1.00.png, id=6, 462.528pt x 346.896pt>
File: p1q1_implicit_1.00.png Graphic file (type png)
<use p1q1_implicit_1.00.png>
Package pdftex.def Info: p1q1_implicit_1.00.png  used on input line 172.
(pdftex.def)             Requested size: 227.64894pt x 170.73744pt.
<p1q1_implicit_10.00.png, id=7, 462.528pt x 346.896pt>
File: p1q1_implicit_10.00.png Graphic file (type png)
<use p1q1_implicit_10.00.png>
Package pdftex.def Info: p1q1_implicit_10.00.png  used on input line 180.
(pdftex.def)             Requested size: 227.64894pt x 170.73744pt.
<p1q1fallingBeam_p1_implicit.png, id=8, 462.528pt x 346.896pt>
File: p1q1fallingBeam_p1_implicit.png Graphic file (type png)
<use p1q1fallingBeam_p1_implicit.png>
Package pdftex.def Info: p1q1fallingBeam_p1_implicit.png  used on input line 192.
(pdftex.def)             Requested size: 227.64894pt x 170.73744pt.
<p1q1fallingBeam_velocity_p1_implicit.png, id=9, 462.528pt x 346.896pt>
File: p1q1fallingBeam_velocity_p1_implicit.png Graphic file (type png)
<use p1q1fallingBeam_velocity_p1_implicit.png>
Package pdftex.def Info: p1q1fallingBeam_velocity_p1_implicit.png  used on input line 199.
(pdftex.def)             Requested size: 227.64894pt x 170.73744pt.
<p1q1fallingBeam_angle_p1_implicit.png, id=10, 462.528pt x 346.896pt>
File: p1q1fallingBeam_angle_p1_implicit.png Graphic file (type png)
<use p1q1fallingBeam_angle_p1_implicit.png>
Package pdftex.def Info: p1q1fallingBeam_angle_p1_implicit.png  used on input line 206.
(pdftex.def)             Requested size: 227.64894pt x 170.73744pt.


[1{c:/texlive/2024/texmf-var/fonts/map/pdftex/updmap/pdftex.map}{c:/texlive/2024/texmf-dist/fonts/enc/dvips/base/8r.enc}


]

<p1q2_implicitfallingBeam_velocity.png, id=33, 462.528pt x 346.896pt>
File: p1q2_implicitfallingBeam_velocity.png Graphic file (type png)
<use p1q2_implicitfallingBeam_velocity.png>
Package pdftex.def Info: p1q2_implicitfallingBeam_velocity.png  used on input line 218.
(pdftex.def)             Requested size: 227.64894pt x 170.73744pt.

Underfull \vbox (badness 10000) has occurred while \output is active []



[2 <./p1q1_implicit_0.00.png> <./p1q1_implicit_0.01.png> <./p1q1_implicit_0.05.png> <./p1q1_implicit_0.10.png> <./p1q1_implicit_1.00.png> <./p1q1_implicit_10.00.png>]

<p1q3_implicit_10.00.png, id=43, 462.528pt x 346.896pt>
File: p1q3_implicit_10.00.png Graphic file (type png)
<use p1q3_implicit_10.00.png>
Package pdftex.def Info: p1q3_implicit_10.00.png  used on input line 229.
(pdftex.def)             Requested size: 227.64894pt x 170.73744pt.
<p1q3_implicit_fallingBeam_angle.png, id=44, 462.528pt x 346.896pt>
File: p1q3_implicit_fallingBeam_angle.png Graphic file (type png)
<use p1q3_implicit_fallingBeam_angle.png>
Package pdftex.def Info: p1q3_implicit_fallingBeam_angle.png  used on input line 236.
(pdftex.def)             Requested size: 227.64894pt x 170.73744pt.


[3 <./p1q1fallingBeam_p1_implicit.png> <./p1q1fallingBeam_velocity_p1_implicit.png> <./p1q1fallingBeam_angle_p1_implicit.png> <./p1q2_implicitfallingBeam_velocity.png> <./p1q3_implicit_10.00.png>]
<p1q4_explicit_fallingBeam.png, id=53, 462.528pt x 346.896pt>
File: p1q4_explicit_fallingBeam.png Graphic file (type png)
<use p1q4_explicit_fallingBeam.png>
Package pdftex.def Info: p1q4_explicit_fallingBeam.png  used on input line 249.
(pdftex.def)             Requested size: 227.64894pt x 170.73744pt.


<p2q1_implicit_fallingBeam.png, id=54, 462.528pt x 346.896pt>
File: p2q1_implicit_fallingBeam.png Graphic file (type png)
<use p2q1_implicit_fallingBeam.png>
Package pdftex.def Info: p2q1_implicit_fallingBeam.png  used on input line 271.
(pdftex.def)             Requested size: 227.64894pt x 170.73744pt.
<p2q1_implicit_fallingBeam_velocity.png, id=55, 462.528pt x 346.896pt>
File: p2q1_implicit_fallingBeam_velocity.png Graphic file (type png)
<use p2q1_implicit_fallingBeam_velocity.png>
Package pdftex.def Info: p2q1_implicit_fallingBeam_velocity.png  used on input line 278.
(pdftex.def)             Requested size: 227.64894pt x 170.73744pt.
<p2q1_implicit_fallingBeam_angle.png, id=56, 462.528pt x 346.896pt>
File: p2q1_implicit_fallingBeam_angle.png Graphic file (type png)
<use p2q1_implicit_fallingBeam_angle.png>
Package pdftex.def Info: p2q1_implicit_fallingBeam_angle.png  used on input line 285.
(pdftex.def)             Requested size: 227.64894pt x 170.73744pt.
<p2q2_implicit_50.00.png, id=57, 462.528pt x 346.896pt>
File: p2q2_implicit_50.00.png Graphic file (type png)
<use p2q2_implicit_50.00.png>
Package pdftex.def Info: p2q2_implicit_50.00.png  used on input line 296.
(pdftex.def)             Requested size: 227.64894pt x 170.73744pt.


[4 <./p1q3_implicit_fallingBeam_angle.png> <./p1q4_explicit_fallingBeam.png> <./p2q1_implicit_fallingBeam.png> <./p2q1_implicit_fallingBeam_velocity.png>]
<p2q3_implicit_vterm_vs_nodes.png, id=66, 462.528pt x 346.896pt>
File: p2q3_implicit_vterm_vs_nodes.png Graphic file (type png)
<use p2q3_implicit_vterm_vs_nodes.png>
Package pdftex.def Info: p2q3_implicit_vterm_vs_nodes.png  used on input line 307.
(pdftex.def)             Requested size: 227.64894pt x 170.73744pt.
<p2q3_implicit_vterm_vs_dt.png, id=67, 462.528pt x 346.896pt>
File: p2q3_implicit_vterm_vs_dt.png Graphic file (type png)
<use p2q3_implicit_vterm_vs_dt.png>
Package pdftex.def Info: p2q3_implicit_vterm_vs_dt.png  used on input line 314.
(pdftex.def)             Requested size: 227.64894pt x 170.73744pt.


<p3q1_implicit_fallingBeam.png, id=68, 462.528pt x 346.896pt>
File: p3q1_implicit_fallingBeam.png Graphic file (type png)
<use p3q1_implicit_fallingBeam.png>
Package pdftex.def Info: p3q1_implicit_fallingBeam.png  used on input line 328.
(pdftex.def)             Requested size: 227.64894pt x 170.73744pt.
<p3q1_implicit_2000.png, id=69, 462.528pt x 346.896pt>
File: p3q1_implicit_2000.png Graphic file (type png)
<use p3q1_implicit_2000.png>
Package pdftex.def Info: p3q1_implicit_2000.png  used on input line 335.
(pdftex.def)             Requested size: 227.64894pt x 170.73744pt.


[5 <./p2q1_implicit_fallingBeam_angle.png> <./p2q2_implicit_50.00.png> <./p2q3_implicit_vterm_vs_nodes.png> <./p2q3_implicit_vterm_vs_dt.png>]
<p3q2_implicit_20000.png, id=77, 462.528pt x 346.896pt>
File: p3q2_implicit_20000.png Graphic file (type png)
<use p3q2_implicit_20000.png>
Package pdftex.def Info: p3q2_implicit_20000.png  used on input line 350.
(pdftex.def)             Requested size: 227.64894pt x 170.73744pt.
<p3q2_implicit_maxvert.png, id=78, 462.528pt x 346.896pt>
File: p3q2_implicit_maxvert.png Graphic file (type png)
<use p3q2_implicit_maxvert.png>
Package pdftex.def Info: p3q2_implicit_maxvert.png  used on input line 358.
(pdftex.def)             Requested size: 227.64894pt x 170.73744pt.
<p3q2_implicit_maxvert_zoomed.png, id=79, 462.528pt x 346.896pt>
File: p3q2_implicit_maxvert_zoomed.png Graphic file (type png)
<use p3q2_implicit_maxvert_zoomed.png>
Package pdftex.def Info: p3q2_implicit_maxvert_zoomed.png  used on input line 366.
(pdftex.def)             Requested size: 227.64894pt x 170.73744pt.
<p3_implicit_maxvert2xzoomed.png, id=80, 462.528pt x 346.896pt>
File: p3_implicit_maxvert2xzoomed.png Graphic file (type png)
<use p3_implicit_maxvert2xzoomed.png>
Package pdftex.def Info: p3_implicit_maxvert2xzoomed.png  used on input line 373.
(pdftex.def)             Requested size: 227.64894pt x 170.73744pt.


** Conference Paper **
Before submitting the final camera ready copy, remember to:

 1. Manually equalize the lengths of two columns on the last page
 of your paper;

 2. Ensure that any PostScript and/or PDF output post-processing
 uses only Type 1 fonts and that every step in the generation
 process uses the US letter (8.5in X 11in) paper size.





[6 <./p3q1_implicit_fallingBeam.png> <./p3q1_implicit_2000.png> <./p3q2_implicit_20000.png> <./p3q2_implicit_maxvert.png> <./p3q2_implicit_maxvert_zoomed.png>]



[7

 <./p3_implicit_maxvert2xzoomed.png>] (./hw1_report.aux)
 ***********
LaTeX2e <2024-06-01> patch level 2
L3 programming layer <2024-09-10>
 ***********
 ) 
Here is how much of TeX's memory you used:
 2221 strings out of 473578
 41397 string characters out of 5732241
 456235 words of memory out of 5000000
 25133 multiletter control sequences out of 15000+600000
 593675 words of font info for 95 fonts, out of 8000000 for 9000
 1141 hyphenation exceptions out of 8191
 57i,13n,65p,1057b,305s stack positions out of 10000i,1000n,20000p,200000b,200000s
<c:/texlive/2024/texmf-dist/fonts/type1/public/amsfonts/cm/cmex10.pfb><c:/texlive/2024/texmf-dist/fonts/type1/public/amsfonts/cm/cmmi10.pfb><c:/texlive/2024/texmf-dist/fonts/type1/public/amsfonts/cm/cmmi6.pfb><c:/texlive/2024/texmf-dist/fonts/type1/public/amsfonts/cm/cmmi7.pfb><c:/texlive/2024/texmf-dist/fonts/type1/public/amsfonts/cm/cmmi8.pfb><c:/texlive/2024/texmf-dist/fonts/type1/public/amsfonts/cm/cmr10.pfb><c:/texlive/2024/texmf-dist/fonts/type1/public/amsfonts/cm/cmr5.pfb><c:/texlive/2024/texmf-dist/fonts/type1/public/amsfonts/cm/cmr6.pfb><c:/texlive/2024/texmf-dist/fonts/type1/public/amsfonts/cm/cmr7.pfb><c:/texlive/2024/texmf-dist/fonts/type1/public/amsfonts/cm/cmr8.pfb><c:/texlive/2024/texmf-dist/fonts/type1/public/amsfonts/cm/cmsy10.pfb><c:/texlive/2024/texmf-dist/fonts/type1/public/amsfonts/cm/cmsy6.pfb><c:/texlive/2024/texmf-dist/fonts/type1/public/amsfonts/cm/cmsy7.pfb><c:/texlive/2024/texmf-dist/fonts/type1/public/amsfonts/cm/cmsy8.pfb><c:/texlive/2024/texmf-dist/fonts/type1/urw/times/utmb8a.pfb><c:/texlive/2024/texmf-dist/fonts/type1/urw/times/utmbi8a.pfb><c:/texlive/2024/texmf-dist/fonts/type1/urw/times/utmr8a.pfb><c:/texlive/2024/texmf-dist/fonts/type1/urw/times/utmri8a.pfb>
Output written on hw1_report.pdf (7 pages, 564147 bytes).
PDF statistics:
 170 PDF objects out of 1000 (max. 8388607)
 74 compressed objects within 1 object stream
 0 named destinations out of 1000 (max. 500000)
 126 words of extra memory for PDF output out of 10000 (max. 10000000)

